-----------------------------构建第1颗树-----------------------------
--树的深度：0
('----划分特征：', 'age')
------划分值:6.000,左节点损失:0.000,右节点损失:2.917,总损失:2.917
------划分值:12.000,左节点损失:0.667,右节点损失:2.545,总损失:3.212
------划分值:14.000,左节点损失:1.000,右节点损失:2.100,总损失:3.100
------划分值:18.000,左节点损失:1.200,右节点损失:1.556,总损失:2.756
------划分值:20.000,左节点损失:1.333,右节点损失:0.875,总损失:2.208
------划分值:65.000,左节点损失:2.500,右节点损失:0.000,总损失:2.500
------划分值:31.000,左节点损失:1.429,右节点损失:0.000,总损失:1.429
------划分值:40.000,左节点损失:1.875,右节点损失:0.000,总损失:1.875
------划分值:1.000,左节点损失:0.000,右节点损失:3.214,总损失:3.214
------划分值:2.000,左节点损失:0.000,右节点损失:3.077,总损失:3.077
------划分值:100.000,左节点损失:2.917,右节点损失:0.000,总损失:2.917
------划分值:101.000,左节点损失:3.077,右节点损失:0.000,总损失:3.077
------划分值:54.000,左节点损失:2.222,右节点损失:0.000,总损失:2.222
('--最佳划分特征：', 'age')
('--最佳划分值：', 31)
('叶子节点预测值：', 1.1066299799721755)
('叶子节点预测值：', -1.0118997029374233)
第1棵树: log-likelihood:13.7721
--树的深度：0
('----划分特征：', 'age')
------划分值:6.000,左节点损失:0.000,右节点损失:2.250,总损失:2.250
------划分值:12.000,左节点损失:0.667,右节点损失:2.182,总损失:2.848
------划分值:14.000,左节点损失:1.000,右节点损失:2.100,总损失:3.100
------划分值:18.000,左节点损失:1.200,右节点损失:2.000,总损失:3.200
------划分值:20.000,左节点损失:1.333,右节点损失:1.875,总损失:3.208
------划分值:65.000,左节点损失:2.400,右节点损失:0.750,总损失:3.150
------划分值:31.000,左节点损失:1.429,右节点损失:1.714,总损失:3.143
------划分值:40.000,左节点损失:1.875,右节点损失:1.333,总损失:3.208
------划分值:1.000,左节点损失:0.000,右节点损失:3.214,总损失:3.214
------划分值:2.000,左节点损失:0.000,右节点损失:2.769,总损失:2.769
------划分值:100.000,左节点损失:2.917,右节点损失:0.000,总损失:2.917
------划分值:101.000,左节点损失:3.077,右节点损失:0.000,总损失:3.077
------划分值:54.000,左节点损失:2.222,右节点损失:0.800,总损失:3.022
('--最佳划分特征：', 'age')
('--最佳划分值：', 6)
('叶子节点预测值：', 1.9540418531360146)
('叶子节点预测值：', -0.27041431391906356)
第1棵树: log-likelihood:12.1191
--树的深度：0
('----划分特征：', 'age')
------划分值:6.000,左节点损失:0.000,右节点损失:2.667,总损失:2.667
------划分值:12.000,左节点损失:0.000,右节点损失:2.545,总损失:2.545
------划分值:14.000,左节点损失:0.000,右节点损失:2.400,总损失:2.400
------划分值:18.000,左节点损失:0.000,右节点损失:2.222,总损失:2.222
------划分值:20.000,左节点损失:0.000,右节点损失:2.000,总损失:2.000
------划分值:65.000,左节点损失:0.900,右节点损失:0.750,总损失:1.650
------划分值:31.000,左节点损失:0.000,右节点损失:1.714,总损失:1.714
------划分值:40.000,左节点损失:0.000,右节点损失:1.333,总损失:1.333
------划分值:1.000,左节点损失:0.000,右节点损失:2.857,总损失:2.857
------划分值:2.000,左节点损失:0.000,右节点损失:2.769,总损失:2.769
------划分值:100.000,左节点损失:1.667,右节点损失:0.000,总损失:1.667
------划分值:101.000,左节点损失:2.308,右节点损失:0.000,总损失:2.308
------划分值:54.000,左节点损失:0.000,右节点损失:0.800,总损失:0.800
('--最佳划分特征：', 'age')
('--最佳划分值：', 54)
('叶子节点预测值：', -0.9770209265680072)
('叶子节点预测值：', 1.4835733407837812)
第1棵树: log-likelihood:11.2618
