-----------------------------构建第2颗树-----------------------------
--树的深度：0
('----划分特征：', 'age')
------划分值:6.000,左节点损失:0.000,右节点损失:0.486,总损失:0.486
------划分值:12.000,左节点损失:0.208,右节点损失:0.430,总损失:0.638
------划分值:14.000,左节点损失:0.313,右节点损失:0.362,总损失:0.675
------划分值:18.000,左节点损失:0.375,右节点损失:0.280,总损失:0.655
------划分值:20.000,左节点损失:0.417,右节点损失:0.177,总损失:0.594
------划分值:65.000,左节点损失:0.652,右节点损失:0.000,总损失:0.652
------划分值:31.000,左节点损失:0.446,右节点损失:0.045,总损失:0.491
------划分值:40.000,左节点损失:0.557,右节点损失:0.026,总损失:0.583
------划分值:1.000,左节点损失:0.000,右节点损失:0.675,总损失:0.675
------划分值:2.000,左节点损失:0.000,右节点损失:0.588,总损失:0.588
------划分值:100.000,左节点损失:0.665,右节点损失:0.000,总损失:0.665
------划分值:101.000,左节点损失:0.671,右节点损失:0.000,总损失:0.671
------划分值:54.000,左节点损失:0.643,右节点损失:0.000,总损失:0.643
('--最佳划分特征：', 'age')
('--最佳划分值：', 6)
('叶子节点预测值：', -0.9388317920034955)
('叶子节点预测值：', 0.20102112111133075)
第2棵树: log-likelihood:13.8633
--树的深度：0
('----划分特征：', 'age')
------划分值:6.000,左节点损失:0.000,右节点损失:1.444,总损失:1.444
------划分值:12.000,左节点损失:0.172,右节点损失:1.395,总损失:1.567
------划分值:14.000,左节点损失:0.258,右节点损失:1.337,总损失:1.595
------划分值:18.000,左节点损失:0.310,右节点损失:1.266,总损失:1.576
------划分值:20.000,左节点损失:0.344,右节点损失:1.177,总损失:1.521
------划分值:65.000,左节点损失:0.838,右节点损失:0.750,总损失:1.588
------划分值:31.000,左节点损失:0.369,右节点损失:1.063,总损失:1.432
------划分值:40.000,左节点损失:0.608,右节点损失:0.954,总损失:1.561
------划分值:1.000,左节点损失:0.000,右节点损失:1.595,总损失:1.595
------划分值:2.000,左节点损失:0.000,右节点损失:1.525,总损失:1.525
------划分值:100.000,左节点损失:1.488,右节点损失:0.000,总损失:1.488
------划分值:101.000,左节点损失:1.546,右节点损失:0.000,总损失:1.546
------划分值:54.000,左节点损失:0.794,右节点损失:0.800,总损失:1.594
('--最佳划分特征：', 'age')
('--最佳划分值：', 31)
('叶子节点预测值：', -0.1541512055096226)
('叶子节点预测值：', 0.7350232867661455)
第2棵树: log-likelihood:12.8046
--树的深度：0
('----划分特征：', 'age')
------划分值:6.000,左节点损失:0.000,右节点损失:0.893,总损失:0.893
------划分值:12.000,左节点损失:0.002,右节点损失:0.893,总损失:0.895
------划分值:14.000,左节点损失:0.003,右节点损失:0.893,总损失:0.895
------划分值:18.000,左节点损失:0.003,右节点损失:0.892,总损失:0.896
------划分值:20.000,左节点损失:0.003,右节点损失:0.892,总损失:0.895
------划分值:65.000,左节点损失:0.141,右节点损失:0.750,总损失:0.891
------划分值:31.000,左节点损失:0.004,右节点损失:0.891,总损失:0.895
------划分值:40.000,左节点损失:0.028,右节点损失:0.853,总损失:0.881
------划分值:1.000,左节点损失:0.000,右节点损失:0.896,总损失:0.896
------划分值:2.000,左节点损失:0.000,右节点损失:0.895,总损失:0.895
------划分值:100.000,左节点损失:0.714,右节点损失:0.000,总损失:0.714
------划分值:101.000,左节点损失:0.812,右节点损失:0.000,总损失:0.812
------划分值:54.000,左节点损失:0.047,右节点损失:0.800,总损失:0.847
('--最佳划分特征：', 'age')
('--最佳划分值：', 100)
('叶子节点预测值：', -0.6655282028688675)
('叶子节点预测值：', 0.8496402280054559)
第2棵树: log-likelihood:13.5597
