-----------------------------构建第3颗树-----------------------------
--树的深度：0
('----划分特征：', 'age')
------划分值:6.000,左节点损失:0.000,右节点损失:0.286,总损失:0.286
------划分值:12.000,左节点损失:0.079,右节点损失:0.253,总损失:0.332
------划分值:14.000,左节点损失:0.118,右节点损失:0.213,总损失:0.332
------划分值:18.000,左节点损失:0.142,右节点损失:0.165,总损失:0.307
------划分值:20.000,左节点损失:0.157,右节点损失:0.104,总损失:0.262
------划分值:65.000,左节点损失:0.311,右节点损失:0.005,总损失:0.316
------划分值:31.000,左节点损失:0.169,右节点损失:0.027,总损失:0.195
------划分值:40.000,左节点损失:0.241,右节点损失:0.018,总损失:0.258
------划分值:1.000,左节点损失:0.000,右节点损失:0.335,总损失:0.335
------划分值:2.000,左节点损失:0.000,右节点损失:0.313,总损失:0.313
------划分值:100.000,左节点损失:0.334,右节点损失:0.000,总损失:0.334
------划分值:101.000,左节点损失:0.335,右节点损失:0.000,总损失:0.335
------划分值:54.000,左节点损失:0.296,右节点损失:0.006,总损失:0.302
('--最佳划分特征：', 'age')
('--最佳划分值：', 31)
('叶子节点预测值：', 0.3933001635855878)
('叶子节点预测值：', -0.7819916782344405)
第3棵树: log-likelihood:19.6199
--树的深度：0
('----划分特征：', 'age')
------划分值:6.000,左节点损失:0.000,右节点损失:0.946,总损失:0.946
------划分值:12.000,左节点损失:0.072,右节点损失:0.936,总损失:1.008
------划分值:14.000,左节点损失:0.108,右节点损失:0.924,总损失:1.032
------划分值:18.000,左节点损失:0.129,右节点损失:0.910,总损失:1.039
------划分值:20.000,左节点损失:0.144,右节点损失:0.891,总损失:1.035
------划分值:65.000,左节点损失:0.475,右节点损失:0.564,总损失:1.039
------划分值:31.000,左节点损失:0.154,右节点损失:0.868,总损失:1.022
------划分值:40.000,左节点损失:0.251,右节点损失:0.788,总损失:1.038
------划分值:1.000,左节点损失:0.000,右节点损失:1.039,总损失:1.039
------划分值:2.000,左节点损失:0.000,右节点损失:0.996,总损失:0.996
------划分值:100.000,左节点损失:1.005,右节点损失:0.000,总损失:1.005
------划分值:101.000,左节点损失:1.023,右节点损失:0.000,总损失:1.023
------划分值:54.000,左节点损失:0.326,右节点损失:0.676,总损失:1.001
('--最佳划分特征：', 'age')
('--最佳划分值：', 6)
('叶子节点预测值：', 0.8168676761209839)
('叶子节点预测值：', -0.19750775243012972)
第3棵树: log-likelihood:19.9313
--树的深度：0
('----划分特征：', 'age')
------划分值:6.000,左节点损失:0.000,右节点损失:0.806,总损失:0.806
------划分值:12.000,左节点损失:0.000,右节点损失:0.799,总损失:0.799
------划分值:14.000,左节点损失:0.000,右节点损失:0.791,总损失:0.791
------划分值:18.000,左节点损失:0.000,右节点损失:0.781,总损失:0.782
------划分值:20.000,左节点损失:0.000,右节点损失:0.769,总损失:0.769
------划分值:65.000,左节点损失:0.263,右节点损失:0.534,总损失:0.797
------划分值:31.000,左节点损失:0.000,右节点损失:0.753,总损失:0.754
------划分值:40.000,左节点损失:0.002,右节点损失:0.717,总损失:0.720
------划分值:1.000,左节点损失:0.000,右节点损失:0.813,总损失:0.813
------划分值:2.000,左节点损失:0.000,右节点损失:0.810,总损失:0.810
------划分值:100.000,左节点损失:0.763,右节点损失:0.000,总损失:0.763
------划分值:101.000,左节点损失:0.790,右节点损失:0.000,总损失:0.790
------划分值:54.000,左节点损失:0.004,右节点损失:0.667,总损失:0.671
('--最佳划分特征：', 'age')
('--最佳划分值：', 54)
('叶子节点预测值：', -0.7050167905733985)
('叶子节点预测值：', 0.5284431573044167)
第3棵树: log-likelihood:22.6939
