-----------------------------构建第4颗树-----------------------------
--树的深度：0
('----划分特征：', 'age')
------划分值:6.000,左节点损失:0.000,右节点损失:0.089,总损失:0.089
------划分值:12.000,左节点损失:0.031,右节点损失:0.079,总损失:0.110
------划分值:14.000,左节点损失:0.046,右节点损失:0.068,总损失:0.115
------划分值:18.000,左节点损失:0.056,右节点损失:0.054,总损失:0.110
------划分值:20.000,左节点损失:0.062,右节点损失:0.037,总损失:0.099
------划分值:65.000,左节点损失:0.112,右节点损失:0.001,总损失:0.113
------划分值:31.000,左节点损失:0.066,右节点损失:0.015,总损失:0.081
------划分值:40.000,左节点损失:0.091,右节点损失:0.009,总损失:0.100
------划分值:1.000,左节点损失:0.000,右节点损失:0.115,总损失:0.115
------划分值:2.000,左节点损失:0.000,右节点损失:0.103,总损失:0.103
------划分值:100.000,左节点损失:0.115,右节点损失:0.000,总损失:0.115
------划分值:101.000,左节点损失:0.115,右节点损失:0.000,总损失:0.115
------划分值:54.000,左节点损失:0.110,右节点损失:0.001,总损失:0.111
('--最佳划分特征：', 'age')
('--最佳划分值：', 31)
('叶子节点预测值：', 0.28970280878128885)
('叶子节点预测值：', -0.7360034943484346)
第4棵树: log-likelihood:26.0452
--树的深度：0
('----划分特征：', 'age')
------划分值:6.000,左节点损失:0.000,右节点损失:0.801,总损失:0.801
------划分值:12.000,左节点损失:0.028,右节点损失:0.792,总损失:0.820
------划分值:14.000,左节点损失:0.043,右节点损失:0.782,总损失:0.824
------划分值:18.000,左节点损失:0.051,右节点损失:0.769,总损失:0.820
------划分值:20.000,左节点损失:0.057,右节点损失:0.753,总损失:0.810
------划分值:65.000,左节点损失:0.199,右节点损失:0.600,总损失:0.799
------划分值:31.000,左节点损失:0.061,右节点损失:0.733,总损失:0.794
------划分值:40.000,左节点损失:0.100,右节点损失:0.717,总损失:0.817
------划分值:1.000,左节点损失:0.000,右节点损失:0.824,总损失:0.824
------划分值:2.000,左节点损失:0.000,右节点损失:0.813,总损失:0.813
------划分值:100.000,左节点损失:0.805,右节点损失:0.000,总损失:0.805
------划分值:101.000,左节点损失:0.815,右节点损失:0.000,总损失:0.815
------划分值:54.000,左节点损失:0.131,右节点损失:0.694,总损失:0.824
('--最佳划分特征：', 'age')
('--最佳划分值：', 31)
('叶子节点预测值：', -0.22135108786998933)
('叶子节点预测值：', 0.2970818940107863)
第4棵树: log-likelihood:17.9696
--树的深度：0
('----划分特征：', 'age')
------划分值:6.000,左节点损失:0.000,右节点损失:0.691,总损失:0.691
------划分值:12.000,左节点损失:0.000,右节点损失:0.691,总损失:0.691
------划分值:14.000,左节点损失:0.000,右节点损失:0.691,总损失:0.691
------划分值:18.000,左节点损失:0.000,右节点损失:0.691,总损失:0.691
------划分值:20.000,左节点损失:0.000,右节点损失:0.691,总损失:0.691
------划分值:65.000,左节点损失:0.094,右节点损失:0.583,总损失:0.677
------划分值:31.000,左节点损失:0.000,右节点损失:0.691,总损失:0.691
------划分值:40.000,左节点损失:0.002,右节点损失:0.688,总损失:0.690
------划分值:1.000,左节点损失:0.000,右节点损失:0.691,总损失:0.691
------划分值:2.000,左节点损失:0.000,右节点损失:0.691,总损失:0.691
------划分值:100.000,左节点损失:0.670,右节点损失:0.000,总损失:0.670
------划分值:101.000,左节点损失:0.681,右节点损失:0.000,总损失:0.681
------划分值:54.000,左节点损失:0.003,右节点损失:0.684,总损失:0.687
('--最佳划分特征：', 'age')
('--最佳划分值：', 100)
('叶子节点预测值：', -0.250308879484705)
('叶子节点预测值：', 0.7284633451478826)
第4棵树: log-likelihood:40.5574
