-----------------------------构建第5颗树-----------------------------
--树的深度：0
('----划分特征：', 'age')
------划分值:6.000,左节点损失:0.000,右节点损失:0.025,总损失:0.025
------划分值:12.000,左节点损失:0.038,右节点损失:0.022,总损失:0.060
------划分值:14.000,左节点损失:0.057,右节点损失:0.019,总损失:0.076
------划分值:18.000,左节点损失:0.068,右节点损失:0.014,总损失:0.083
------划分值:20.000,左节点损失:0.076,右节点损失:0.009,总损失:0.085
------划分值:65.000,左节点损失:0.085,右节点损失:0.000,总损失:0.085
------划分值:31.000,左节点损失:0.081,右节点损失:0.002,总损失:0.084
------划分值:40.000,左节点损失:0.083,右节点损失:0.002,总损失:0.085
------划分值:1.000,左节点损失:0.000,右节点损失:0.085,总损失:0.085
------划分值:2.000,左节点损失:0.000,右节点损失:0.057,总损失:0.057
------划分值:100.000,左节点损失:0.085,右节点损失:0.000,总损失:0.085
------划分值:101.000,左节点损失:0.085,右节点损失:0.000,总损失:0.085
------划分值:54.000,左节点损失:0.085,右节点损失:0.000,总损失:0.085
('--最佳划分特征：', 'age')
('--最佳划分值：', 6)
('叶子节点预测值：', -0.8080377482614658)
('叶子节点预测值：', 0.2160201848280174)
第5棵树: log-likelihood:29.4855
--树的深度：0
('----划分特征：', 'age')
------划分值:6.000,左节点损失:0.000,右节点损失:0.698,总损失:0.698
------划分值:12.000,左节点损失:0.037,右节点损失:0.698,总损失:0.734
------划分值:14.000,左节点损失:0.055,右节点损失:0.697,总损失:0.752
------划分值:18.000,左节点损失:0.066,右节点损失:0.696,总损失:0.762
------划分值:20.000,左节点损失:0.074,右节点损失:0.694,总损失:0.768
------划分值:65.000,左节点损失:0.237,右节点损失:0.529,总损失:0.766
------划分值:31.000,左节点损失:0.079,右节点损失:0.692,总损失:0.771
------划分值:40.000,左节点损失:0.084,右节点损失:0.682,总损失:0.765
------划分值:1.000,左节点损失:0.000,右节点损失:0.773,总损失:0.773
------划分值:2.000,左节点损失:0.000,右节点损失:0.738,总损失:0.738
------划分值:100.000,左节点损失:0.767,右节点损失:0.000,总损失:0.767
------划分值:101.000,左节点损失:0.770,右节点损失:0.000,总损失:0.770
------划分值:54.000,左节点损失:0.088,右节点损失:0.667,总损失:0.754
('--最佳划分特征：', 'age')
('--最佳划分值：', 6)
('叶子节点预测值：', 0.8131411032726458)
('叶子节点预测值：', -0.18437467719171835)
第5棵树: log-likelihood:31.9615
--树的深度：0
('----划分特征：', 'age')
------划分值:6.000,左节点损失:0.000,右节点损失:0.685,总损失:0.685
------划分值:12.000,左节点损失:0.000,右节点损失:0.685,总损失:0.685
------划分值:14.000,左节点损失:0.000,右节点损失:0.684,总损失:0.684
------划分值:18.000,左节点损失:0.000,右节点损失:0.683,总损失:0.683
------划分值:20.000,左节点损失:0.000,右节点损失:0.682,总损失:0.682
------划分值:65.000,左节点损失:0.155,右节点损失:0.523,总损失:0.679
------划分值:31.000,左节点损失:0.000,右节点损失:0.680,总损失:0.680
------划分值:40.000,左节点损失:0.001,右节点损失:0.675,总损失:0.675
------划分值:1.000,左节点损失:0.000,右节点损失:0.686,总损失:0.686
------划分值:2.000,左节点损失:0.000,右节点损失:0.686,总损失:0.686
------划分值:100.000,左节点损失:0.682,右节点损失:0.000,总损失:0.682
------划分值:101.000,左节点损失:0.684,右节点损失:0.000,总损失:0.684
------划分值:54.000,左节点损失:0.001,右节点损失:0.667,总损失:0.668
('--最佳划分特征：', 'age')
('--最佳划分值：', 54)
('叶子节点预测值：', -0.6830537102712658)
('叶子节点预测值：', 0.24707674272193644)
第5棵树: log-likelihood:52.2562
