    id  age  label  label_0     f_0_0  label_1     f_1_0  label_2     f_2_0  \
0    1    6      0        1  0.357143        0  0.357143        0  0.285714   
1    2   12      0        1  0.357143        0  0.357143        0  0.285714   
2    3   14      0        1  0.357143        0  0.357143        0  0.285714   
3    4   18      0        1  0.357143        0  0.357143        0  0.285714   
4    5   20      0        1  0.357143        0  0.357143        0  0.285714   
5    6   65      1        0  0.357143        1  0.357143        0  0.285714   
6    7   31      1        0  0.357143        1  0.357143        0  0.285714   
7    8   40      1        0  0.357143        1  0.357143        0  0.285714   
8    9    1      1        0  0.357143        1  0.357143        0  0.285714   
9   10    2      1        0  0.357143        1  0.357143        0  0.285714   
10  11  100      2        0  0.357143        0  0.357143        1  0.285714   
11  12  101      2        0  0.357143        0  0.357143        1  0.285714   
12  13   65      2        0  0.357143        0  0.357143        1  0.285714   
13  14   54      2        0  0.357143        0  0.357143        1  0.285714   

      sum_exp   res_0_1   res_1_1   res_2_1     f_0_1     f_1_1     f_2_1  \
0   11.176450  0.658827 -0.341173 -0.317654  1.463773  0.086729 -0.691307   
1   11.176450  0.658827 -0.341173 -0.317654  1.463773  0.086729 -0.691307   
2   11.176450  0.658827 -0.341173 -0.317654  1.463773  0.086729 -0.691307   
3   11.176450  0.658827 -0.341173 -0.317654  1.463773  0.086729 -0.691307   
4   11.176450  0.658827 -0.341173 -0.317654  1.463773  0.086729 -0.691307   
5    6.634272 -0.341173  0.658827 -0.317654 -0.654757  0.086729  1.769288   
6    2.750883 -0.341173  0.658827 -0.317654 -0.654757  0.086729 -0.691307   
7    2.750883 -0.341173  0.658827 -0.317654 -0.654757  0.086729 -0.691307   
8   19.128217 -0.341173  0.658827 -0.317654  1.463773  2.311185 -0.691307   
9   19.128217 -0.341173  0.658827 -0.317654  1.463773  2.311185 -0.691307   
10  50.874752 -0.341173 -0.341173  0.682346 -0.654757  0.086729  1.769288   
11  50.874752 -0.341173 -0.341173  0.682346 -0.654757  0.086729  1.769288   
12   6.634272 -0.341173 -0.341173  0.682346 -0.654757  0.086729  1.769288   
13   6.634272 -0.341173 -0.341173  0.682346 -0.654757  0.086729  1.769288   

     res_0_2   res_1_2   res_2_2     f_0_2     f_1_2     f_2_2   res_0_3  \
0   0.269122 -0.184418 -0.084704  1.664794 -0.067423 -1.356835  0.184082   
1   0.269122 -0.184418 -0.084704  1.664794 -0.067423 -1.356835  0.184082   
2   0.269122 -0.184418 -0.084704  1.664794 -0.067423 -1.356835  0.184082   
3   0.269122 -0.184418 -0.084704  1.664794 -0.067423 -1.356835  0.184082   
4   0.269122 -0.184418 -0.084704  1.664794 -0.067423 -1.356835  0.184082   
5  -0.069490  0.854136 -0.784646 -0.453736  0.821752  1.103759 -0.107211   
6  -0.246114  0.483395 -0.237281 -0.453736  0.821752 -1.356835 -0.200571   
7  -0.246114  0.483395 -0.237281 -0.453736  0.821752 -1.356835 -0.200571   
8  -0.289898  0.323495 -0.033597  0.524941  2.157034 -1.356835 -0.159569   
9  -0.289898  0.323495 -0.033597  0.524941  2.157034 -1.356835 -0.159569   
10 -0.069490 -0.145864  0.215354 -0.453736  0.821752  2.618928 -0.038197   
11 -0.069490 -0.145864  0.215354 -0.453736  0.821752  2.618928 -0.038197   
12 -0.069490 -0.145864  0.215354 -0.453736  0.821752  1.103759 -0.107211   
13 -0.069490 -0.145864  0.215354 -0.453736  0.821752  1.103759 -0.107211   

     res_1_3   res_2_3     f_0_3     f_1_3     f_2_3   res_0_4   res_1_4  \
0  -0.144329 -0.039753  2.058094 -0.264930 -2.061852  0.102513 -0.087933   
1  -0.144329 -0.039753  2.058094 -0.264930 -2.061852  0.102513 -0.087933   
2  -0.144329 -0.039753  2.058094 -0.264930 -2.061852  0.102513 -0.087933   
3  -0.144329 -0.039753  2.058094 -0.264930 -2.061852  0.102513 -0.087933   
4  -0.144329 -0.039753  2.058094 -0.264930 -2.061852  0.102513 -0.087933   
5   0.616135 -0.508924 -1.235727  0.624244  1.632203 -0.039961  0.743305   
6   0.281865 -0.081294 -1.235727  0.624244 -2.061852 -0.127205  0.182889   
7   0.281865 -0.081294 -1.235727  0.624244 -2.061852 -0.127205  0.182889   
8   0.183874 -0.024305  0.918241  2.973901 -2.061852 -0.112831  0.118562   
9   0.183874 -0.024305  0.918241  2.973901 -2.061852 -0.112831  0.118562   
10 -0.136764  0.174961 -1.235727  0.624244  3.147371 -0.011427 -0.073404   
11 -0.136764  0.174961 -1.235727  0.624244  3.147371 -0.011427 -0.073404   
12 -0.383865  0.491076 -1.235727  0.624244  1.632203 -0.039961 -0.256695   
13 -0.383865  0.491076 -1.235727  0.624244  1.632203 -0.039961 -0.256695   

     res_2_4     f_0_4     f_1_4     f_2_4   res_0_5   res_1_5   res_2_5  \
0  -0.014580  2.347797 -0.486282 -2.312161  0.063880 -0.055018 -0.008862   
1  -0.014580  2.347797 -0.486282 -2.312161  0.063880 -0.055018 -0.008862   
2  -0.014580  2.347797 -0.486282 -2.312161  0.063880 -0.055018 -0.008862   
3  -0.014580  2.347797 -0.486282 -2.312161  0.063880 -0.055018 -0.008862   
4  -0.014580  2.347797 -0.486282 -2.312161  0.063880 -0.055018 -0.008862   
5  -0.703344 -1.971731  0.921326  1.381894 -0.020984  0.621267 -0.600282   
6  -0.055683 -1.971731  0.921326 -2.312161 -0.050608  0.086613 -0.036006   
7  -0.055683 -1.971731  0.921326 -2.312161 -0.050608  0.086613 -0.036006   
8  -0.005730  1.207944  2.752550 -2.312161 -0.174956  0.180134 -0.005178   
9  -0.005730  1.207944  2.752550 -2.312161 -0.174956  0.180134 -0.005178   
10  0.084832 -1.971731  0.921326  3.875834 -0.002736 -0.049388  0.052125   
11  0.084832 -1.971731  0.921326  3.875834 -0.002736 -0.049388  0.052125   
12  0.296656 -1.971731  0.921326  1.381894 -0.020984 -0.378733  0.399718   
13  0.296656 -1.971731  0.921326  1.381894 -0.020984 -0.378733  0.399718   

       f_0_5     f_1_5     f_2_5  
0   2.563817 -0.670656 -2.995214  
1   2.563817 -0.670656 -2.995214  
2   2.563817 -0.670656 -2.995214  
3   2.563817 -0.670656 -2.995214  
4   2.563817 -0.670656 -2.995214  
5  -1.755711  0.736951  1.628970  
6  -1.755711  0.736951 -2.995214  
7  -1.755711  0.736951 -2.995214  
8   0.399906  3.565691 -2.995214  
9   0.399906  3.565691 -2.995214  
10 -1.755711  0.736951  4.122911  
11 -1.755711  0.736951  4.122911  
12 -1.755711  0.736951  1.628970  
13 -1.755711  0.736951  1.628970  
('predict:', 1.1066299799721755)
('predict:', 0.20102112111133075)
('predict:', 0.3933001635855878)
('predict:', 0.28970280878128885)
('predict:', 0.2160201848280174)
('predict:', -0.27041431391906356)
('predict:', -0.1541512055096226)
('predict:', -0.19750775243012972)
('predict:', -0.22135108786998933)
('predict:', -0.18437467719171835)
('predict:', -0.9770209265680072)
('predict:', -0.6655282028688675)
('predict:', -0.7050167905733985)
('predict:', -0.250308879484705)
('predict:', -0.6830537102712658)
0    0
Name: predict_label, dtype: object
